model_personalization/android/app/build/intermediates/manifest_merge_blame_file/debug/manifest-merger-blame-debug-report.txt
1<?xml version="1.0" encoding="utf-8"?>
2<manifest xmlns:android="http://schemas.android.com/apk/res/android"
3    package="org.tensorflow.lite.examples.transfer"
4    android:versionCode="1"
5    android:versionName="1.0" >
6
7    <uses-sdk
8        android:minSdkVersion="21"
8-->src/main/AndroidManifest.xml
9        android:targetSdkVersion="30" />
9-->src/main/AndroidManifest.xml
10
11    <uses-permission android:name="android.permission.CAMERA" />
11-->src/main/AndroidManifest.xml:6:3-63
11-->src/main/AndroidManifest.xml:6:20-60
12
13    <uses-feature android:name="android.hardware.camera" />
13-->src/main/AndroidManifest.xml:8:3-58
13-->src/main/AndroidManifest.xml:8:17-55
14    <uses-feature android:name="android.hardware.camera.autofocus" />
14-->src/main/AndroidManifest.xml:9:3-68
14-->src/main/AndroidManifest.xml:9:17-65
15
16    <application
16-->src/main/AndroidManifest.xml:11:3-29:17
17        android:allowBackup="true"
17-->src/main/AndroidManifest.xml:13:7-33
18        android:appComponentFactory="androidx.core.app.CoreComponentFactory"
18-->[androidx.core:core:1.5.0] AndroidManifest.xml:24:18-86
19        android:configChanges="orientation"
19-->src/main/AndroidManifest.xml:14:7-42
20        android:debuggable="true"
21        android:icon="@mipmap/ic_launcher"
21-->src/main/AndroidManifest.xml:15:7-41
22        android:label="@string/app_name"
22-->src/main/AndroidManifest.xml:16:7-39
23        android:roundIcon="@mipmap/ic_launcher_round"
23-->src/main/AndroidManifest.xml:17:7-52
24        android:supportsRtl="true"
24-->src/main/AndroidManifest.xml:18:7-33
25        android:taskAffinity=""
25-->src/main/AndroidManifest.xml:12:7-30
26        android:testOnly="true"
27        android:theme="@style/Theme.TransferLearningDemoApp" >
27-->src/main/AndroidManifest.xml:19:7-59
28        <activity
28-->src/main/AndroidManifest.xml:20:5-28:16
29            android:name="org.tensorflow.lite.examples.transfer.MainActivity"
29-->src/main/AndroidManifest.xml:21:9-37
30            android:exported="true"
30-->src/main/AndroidManifest.xml:22:9-32
31            android:screenOrientation="portrait" >
31-->src/main/AndroidManifest.xml:23:9-45
32            <intent-filter>
32-->src/main/AndroidManifest.xml:24:7-27:23
33                <action android:name="android.intent.action.MAIN" />
33-->src/main/AndroidManifest.xml:25:9-61
33-->src/main/AndroidManifest.xml:25:17-58
34
35                <category android:name="android.intent.category.LAUNCHER" />
35-->src/main/AndroidManifest.xml:26:9-69
35-->src/main/AndroidManifest.xml:26:19-66
36            </intent-filter>
37        </activity>
38
39        <provider
39-->[androidx.camera:camera-camera2:1.0.0-alpha04] AndroidManifest.xml:25:9-30:43
40            android:name="androidx.camera.camera2.impl.Camera2Initializer"
40-->[androidx.camera:camera-camera2:1.0.0-alpha04] AndroidManifest.xml:26:13-75
41            android:authorities="org.tensorflow.lite.examples.transfer.camerax-init"
41-->[androidx.camera:camera-camera2:1.0.0-alpha04] AndroidManifest.xml:27:13-64
42            android:exported="false"
42-->[androidx.camera:camera-camera2:1.0.0-alpha04] AndroidManifest.xml:28:13-37
43            android:initOrder="100"
43-->[androidx.camera:camera-camera2:1.0.0-alpha04] AndroidManifest.xml:29:13-36
44            android:multiprocess="true" />
44-->[androidx.camera:camera-camera2:1.0.0-alpha04] AndroidManifest.xml:30:13-40
45        <provider
45-->[androidx.lifecycle:lifecycle-process:2.1.0] AndroidManifest.xml:23:9-27:43
46            android:name="androidx.lifecycle.ProcessLifecycleOwnerInitializer"
46-->[androidx.lifecycle:lifecycle-process:2.1.0] AndroidManifest.xml:24:13-79
47            android:authorities="org.tensorflow.lite.examples.transfer.lifecycle-process"
47-->[androidx.lifecycle:lifecycle-process:2.1.0] AndroidManifest.xml:25:13-69
48            android:exported="false"
48-->[androidx.lifecycle:lifecycle-process:2.1.0] AndroidManifest.xml:26:13-37
49            android:multiprocess="true" />
49-->[androidx.lifecycle:lifecycle-process:2.1.0] AndroidManifest.xml:27:13-40
50    </application>
51
52</manifest>